
ROM used: 712 (9%)
          712 (9%) including unused fragments

          1 Average locations per line
          5 Average locations per statement

RAM used: 16 (4%) at main() level
          29 (8%) worst case

Stack used: 7 worst case (out of 8 total available)

Lines Stmts  %   Files
----- ----- ---  -----
  107    71  51  selector_act.c
   27     0   0  selector_act.h
  326     0   0  ..\..\..\..\..\Program Files (x86)\PICC\devices\16F877A.h
  348    67  49  ..\..\..\..\..\Program Files (x86)\PICC\drivers\lcd.c
----- -----
  808   138 Total

Page ROM  %  RAM   Vol Diff  Functions:
---- --- --- ---   --- ----  ----------
0     21   3   1             @delay_ms1
0      8   1   0             @const79
 Inline        3   587  6.0  lcd_read_byte
0      6   1   0    59  4.2  lcd_read_nibble
0     12   2   1   172  3.4  lcd_send_nibble
0     59   8   3   317  4.3  lcd_send_byte
0     46   6   2   624  5.8  lcd_init
0     18   3   4   186  5.5  lcd_gotoxy
0     37   5   1   272  4.1  lcd_putc
0     11   2   0    82  2.8  EXT_isr
0     74  10   0    21  1.0  MAIN
0     69  10   0   260  2.3  config
0    193  27   1  1522  6.8  code
0      9   1   0             @const111
0     70  10   3             @PSTRINGC7_96
0      7   1   0             @const113
0      5   1   0             @const114
0      7   1   0             @const115
0      5   1   0             @const116
0      8   1   0             @const117

Program metrics:
    Functions               11
    Statements              138
    Comments                155
    Volume (V)              6283
    Difficilty (D)          44.8
    Effort to implement (E) 281531
    Time to implement (T)   4 hours, 21 minutes
    Est Delivered Bugs (B)  1
    Cyclomatic Complexity   18
    Maintainability (MI)    74

 Segment     Used  Free
-----------  ----  ----
00000-00003     4  0  
00004-0002E    43  0  
0002F-007FF   665  1336  
00800-00FFF     0  2048  
01000-017FF     0  2048  
01800-01FFF     0  2048  



