
ROM used: 148 (2%)
          148 (2%) including unused fragments

          0 Average locations per line
          9 Average locations per statement

RAM used: 7 (2%) at main() level
          7 (2%) worst case

Stack used: 0 worst case (out of 8 total available)

Lines Stmts  %   Files
----- ----- ---  -----
   37    17 100  ardupic.c
   17     0   0  ardupic.h
  326     0   0  ..\..\..\..\..\Program Files (x86)\PICC\devices\16F877A.h
----- -----
  380    17 Total

Page ROM  %  RAM   Vol Diff  Functions:
---- --- --- ---   --- ----  ----------
0    144  97   0   380  4.7  main

Program metrics:
    Functions               1
    Statements              17
    Comments                80
    Volume (V)              380
    Difficilty (D)          4.7
    Effort to implement (E) 1784
    Time to implement (T)   2 minutes
    Est Delivered Bugs (B)  0
    Cyclomatic Complexity   1
    Maintainability (MI)    142

 Segment     Used  Free
-----------  ----  ----
00000-00003     4  0  
00004-007FF   144  1900  
00800-00FFF     0  2048  
01000-017FF     0  2048  
01800-01FFF     0  2048  



