
ROM used: 202 (2%)
          202 (2%) including unused fragments

          1 Average locations per line
          9 Average locations per statement

RAM used: 7 (2%) at main() level
          9 (2%) worst case

Stack used: 2 worst case (out of 8 total available)

Lines Stmts  %   Files
----- ----- ---  -----
   43    22 100  helloW.c
   18     0   0  helloW.h
  326     0   0  ..\..\..\..\..\Program Files (x86)\PICC\devices\16F877A.h
----- -----
  387    22 Total

Page ROM  %  RAM   Vol Diff  Functions:
---- --- --- ---   --- ----  ----------
0     21  10   1             @delay_ms1
0     74  37   0    21  1.0  main
0     37  18   1   181  3.5  code
0     66  33   0   212  2.3  config

Program metrics:
    Functions               3
    Statements              22
    Comments                76
    Volume (V)              538
    Difficilty (D)          6.9
    Effort to implement (E) 3714
    Time to implement (T)   3 minutes
    Est Delivered Bugs (B)  0
    Cyclomatic Complexity   1
    Maintainability (MI)    162

 Segment     Used  Free
-----------  ----  ----
00000-00003     4  0  
00004-007FF   198  1846  
00800-00FFF     0  2048  
01000-017FF     0  2048  
01800-01FFF     0  2048  



