
ROM used: 449 (5%)
          449 (5%) including unused fragments

          1 Average locations per line
          5 Average locations per statement

RAM used: 6 (2%) at main() level
          19 (5%) worst case

Stack used: 6 worst case (out of 8 total available)

Lines Stmts  %   Files
----- ----- ---  -----
   33    18  21  hola_lcd.c
   25     0   0  hola_lcd.h
  326     0   0  ..\..\..\..\..\..\..\Program Files\PICC\devices\16F877A.h
  348    67  79  ..\..\..\..\..\..\..\Program Files\PICC\drivers\lcd.c
----- -----
  732    85 Total

Page ROM  %  RAM   Vol Diff  Functions:
---- --- --- ---   --- ----  ----------
0     21   5   1             @delay_ms1
0      8   2   0   797  4.4  @const76
 Inline        3   587  6.0  lcd_read_byte
0      6   1   0    59  4.2  lcd_read_nibble
0     12   3   1   172  3.4  lcd_send_nibble
0     59  13   3   317  4.3  lcd_send_byte
 Inline        2   624  5.8  lcd_init
0     18   4   4   186  5.5  lcd_gotoxy
0     37   8   1   272  4.1  lcd_putc
0     66  15   0    21  1.0  MAIN
0     66  15   0   212  2.3  config
0     73  16   0   147  2.1  hola
0      3   1   0             @const104
0     70  16   3             @PSTRINGC7_93
0      6   1   0             @const106

Program metrics:
    Functions               11
    Statements              85
    Comments                155
    Volume (V)              5404
    Difficilty (D)          42.0
    Effort to implement (E) 226971
    Time to implement (T)   3 hours, 30 minutes
    Est Delivered Bugs (B)  1
    Cyclomatic Complexity   10
    Maintainability (MI)    83

 Segment     Used  Free
-----------  ----  ----
00000-00003     4  0  
00004-007FF   445  1599  
00800-00FFF     0  2048  
01000-017FF     0  2048  
01800-01FFF     0  2048  



