
ROM used: 171 (2%)
          171 (2%) including unused fragments

          0 Average locations per line
          8 Average locations per statement

RAM used: 7 (2%) at main() level
          7 (2%) worst case

Stack used: 1 worst case (out of 8 total available)

Lines Stmts  %   Files
----- ----- ---  -----
   54    21 100  blue2.c
   18     0   0  blue2.h
  326     0   0  ..\..\..\..\..\..\Program Files (x86)\PICC\devices\16F877A.h
----- -----
  398    21 Total

Page ROM  %  RAM   Vol Diff  Functions:
---- --- --- ---   --- ----  ----------
0     74  43   0    21  1.0  main
0     27  16   0   145  3.0  code
0     66  39   0   212  2.3  config

Program metrics:
    Functions               3
    Statements              21
    Comments                87
    Volume (V)              491
    Difficilty (D)          6.6
    Effort to implement (E) 3225
    Time to implement (T)   3 minutes
    Est Delivered Bugs (B)  0
    Cyclomatic Complexity   2
    Maintainability (MI)    157

 Segment     Used  Free
-----------  ----  ----
00000-00003     4  0  
00004-007FF   167  1877  
00800-00FFF     0  2048  
01000-017FF     0  2048  
01800-01FFF     0  2048  



