
ROM used: 518 (6%)
          518 (6%) including unused fragments

          1 Average locations per line
          6 Average locations per statement

RAM used: 9 (2%) at main() level
          25 (7%) worst case

Stack used: 6 worst case (out of 8 total available)

Lines Stmts  %   Files
----- ----- ---  -----
   44    23  26  contador.c
   25     0   0  contador.h
  326     0   0  ..\..\..\..\..\Program Files (x86)\PICC\devices\16F877A.h
  348    67  74  ..\..\..\..\..\Program Files (x86)\PICC\drivers\lcd.c
----- -----
  743    90 Total

Page ROM  %  RAM   Vol Diff  Functions:
---- --- --- ---   --- ----  ----------
0     21   4   1             @delay_ms1
0      8   2   0   212  2.3  @const76
 Inline        3   587  6.0  lcd_read_byte
0      6   1   0    59  4.2  lcd_read_nibble
0     12   2   1   172  3.4  lcd_send_nibble
0     59  11   3   317  4.3  lcd_send_byte
 Inline        2   624  5.8  lcd_init
0     18   3   4   186  5.5  lcd_gotoxy
0     37   7   1   272  4.1  lcd_putc
0     66  13   0    21  1.0  MAIN
0     66  13   0   212  2.3  config
0     99  19   0   373  4.1  code
0     21   4   3             @DIV88
0    101  19   6             @PRINTF_D_93

Program metrics:
    Functions               11
    Statements              90
    Comments                160
    Volume (V)              4927
    Difficilty (D)          42.2
    Effort to implement (E) 207714
    Time to implement (T)   3 hours, 12 minutes
    Est Delivered Bugs (B)  1
    Cyclomatic Complexity   10
    Maintainability (MI)    87

 Segment     Used  Free
-----------  ----  ----
00000-00003     4  0  
00004-007FF   514  1530  
00800-00FFF     0  2048  
01000-017FF     0  2048  
01800-01FFF     0  2048  



