
ROM used: 545 (7%)
          545 (7%) including unused fragments

          1 Average locations per line
          5 Average locations per statement

RAM used: 14 (4%) at main() level
          27 (7%) worst case

Stack used: 6 worst case (out of 8 total available)

Lines Stmts  %   Files
----- ----- ---  -----
   54    36  35  interrupt.c
   25     0   0  interrupt.h
  326     0   0  ..\..\..\..\..\..\..\Program Files\PICC\devices\16F877A.h
  348    67  65  ..\..\..\..\..\..\..\Program Files\PICC\drivers\lcd.c
----- -----
  753   103 Total

Page ROM  %  RAM   Vol Diff  Functions:
---- --- --- ---   --- ----  ----------
0     21   4   1             @delay_ms1
0      8   1   0             @const76
 Inline        3   587  6.0  lcd_read_byte
0      6   1   0    59  4.2  lcd_read_nibble
0     12   2   1   172  3.4  lcd_send_nibble
0     59  11   3   317  4.3  lcd_send_byte
0     46   8   2   624  5.8  lcd_init
0     18   3   4   186  5.5  lcd_gotoxy
0     37   7   1   272  4.1  lcd_putc
0     11   2   0    82  2.8  EXT_isr
0    190  35   0   833  3.8  MAIN
0      3   1   0             @const104
0     70  13   3             @PSTRINGC7_93
0      5   1   0             @const106
0      7   1   0             @const107
0      5   1   0             @const108

Program metrics:
    Functions               9
    Statements              103
    Comments                158
    Volume (V)              4813
    Difficilty (D)          38.5
    Effort to implement (E) 185285
    Time to implement (T)   2 hours, 52 minutes
    Est Delivered Bugs (B)  1
    Cyclomatic Complexity   11
    Maintainability (MI)    109

 Segment     Used  Free
-----------  ----  ----
00000-00003     4  0  
00004-0002E    43  0  
0002F-007FF   498  1503  
00800-00FFF     0  2048  
01000-017FF     0  2048  
01800-01FFF     0  2048  



