CCS PCM C Compiler, Version 4.104, 5967               08-jul.-19 23:16

               Filename: C:\Users\agustin\Documents\Youngg board\pull_up\pull_up.lst

               ROM used: 146 words (2%)
                         Largest free fragment is 2048
               RAM used: 7 (2%) at main() level
                         7 (2%) worst case
               Stack:    0 locations

*
0000:  MOVLW  00
0001:  MOVWF  0A
0002:  GOTO   004
0003:  NOP
.................... #include "C:\Users\agustin\Documents\Youngg board\pull_up\pull_up.h" 
.................... #include <16F877A.h> 
.................... //////// Standard Header file for the PIC16F877A device //////////////// 
.................... #device PIC16F877A 
.................... #list 
....................  
.................... #device adc=8 
....................  
.................... #FUSES NOWDT                 	//No Watch Dog Timer 
.................... #FUSES HS                    	//High speed Osc (> 4mhz for PCM/PCH) (>10mhz for PCD) 
.................... #FUSES PUT                   	//Power Up Timer 
.................... #FUSES NOPROTECT             	//Code not protected from reading 
.................... #FUSES NODEBUG               	//No Debug mode for ICD 
.................... #FUSES NOBROWNOUT            	//No brownout reset 
.................... #FUSES NOLVP                 	//No low voltage prgming, B3(PIC16) or B5(PIC18) used for I/O 
.................... #FUSES NOCPD                 	//No EE protection 
.................... #FUSES NOWRT                 	//Program memory not write protected 
.................... #FUSES RESERVED              	//Used to set the reserved FUSE bits 
....................  
.................... #use delay(clock=4000000) 
....................  
....................  
....................   #ZERO_RAM 
....................  
....................  
.................... void main() 
.................... { 
*
0004:  MOVF   03,W
0005:  ANDLW  1F
0006:  MOVWF  03
0007:  MOVLW  57
0008:  MOVWF  77
0009:  MOVLW  20
000A:  MOVWF  04
000B:  BCF    03.7
000C:  CLRF   00
000D:  INCF   04,F
000E:  DECFSZ 77,F
000F:  GOTO   00C
0010:  CLRF   78
0011:  CLRF   79
0012:  CLRF   7A
0013:  CLRF   7B
0014:  CLRF   7C
0015:  CLRF   7D
0016:  CLRF   7E
0017:  MOVLW  50
0018:  MOVWF  77
0019:  MOVLW  A0
001A:  MOVWF  04
001B:  BCF    03.7
001C:  CLRF   00
001D:  INCF   04,F
001E:  DECFSZ 77,F
001F:  GOTO   01C
0020:  MOVLW  60
0021:  MOVWF  77
0022:  MOVLW  10
0023:  MOVWF  04
0024:  BSF    03.7
0025:  CLRF   00
0026:  INCF   04,F
0027:  DECFSZ 77,F
0028:  GOTO   025
0029:  BCF    03.7
002A:  MOVLW  60
002B:  MOVWF  77
002C:  MOVLW  90
002D:  MOVWF  04
002E:  BSF    03.7
002F:  CLRF   00
0030:  INCF   04,F
0031:  DECFSZ 77,F
0032:  GOTO   02F
0033:  BCF    03.7
0034:  CLRF   20
0035:  CLRF   04
0036:  BCF    03.7
0037:  MOVLW  1F
0038:  ANDWF  03,F
0039:  BSF    03.5
003A:  BSF    1F.0
003B:  BSF    1F.1
003C:  BSF    1F.2
003D:  BCF    1F.3
003E:  MOVLW  07
003F:  MOVWF  1C
....................  
....................    port_b_pullups(TRUE); 
*
0043:  BSF    03.5
0044:  BCF    01.7
....................    setup_adc_ports(NO_ANALOGS); 
0045:  BSF    1F.0
0046:  BSF    1F.1
0047:  BSF    1F.2
0048:  BCF    1F.3
....................    setup_adc(ADC_CLOCK_DIV_2); 
0049:  BCF    1F.6
004A:  BCF    03.5
004B:  BCF    1F.6
004C:  BCF    1F.7
004D:  BSF    03.5
004E:  BCF    1F.7
004F:  BCF    03.5
0050:  BSF    1F.0
....................    setup_psp(PSP_DISABLED); 
0051:  BSF    03.5
0052:  BCF    09.4
....................    setup_spi(SPI_SS_DISABLED); 
0053:  BCF    03.5
0054:  BCF    14.5
0055:  BCF    20.5
0056:  MOVF   20,W
0057:  BSF    03.5
0058:  MOVWF  07
0059:  BCF    03.5
005A:  BSF    20.4
005B:  MOVF   20,W
005C:  BSF    03.5
005D:  MOVWF  07
005E:  BCF    03.5
005F:  BCF    20.3
0060:  MOVF   20,W
0061:  BSF    03.5
0062:  MOVWF  07
0063:  MOVLW  01
0064:  BCF    03.5
0065:  MOVWF  14
0066:  MOVLW  00
0067:  BSF    03.5
0068:  MOVWF  14
....................    setup_timer_0(RTCC_INTERNAL|RTCC_DIV_1); 
0069:  MOVF   01,W
006A:  ANDLW  C7
006B:  IORLW  08
006C:  MOVWF  01
....................    setup_timer_1(T1_DISABLED); 
006D:  BCF    03.5
006E:  CLRF   10
....................    setup_timer_2(T2_DISABLED,0,1); 
006F:  MOVLW  00
0070:  MOVWF  78
0071:  MOVWF  12
0072:  MOVLW  00
0073:  BSF    03.5
0074:  MOVWF  12
....................    setup_comparator(NC_NC_NC_NC); 
0075:  MOVLW  07
0076:  MOVWF  1C
0077:  MOVF   05,W
0078:  MOVWF  05
0079:  MOVLW  03
007A:  MOVWF  77
007B:  DECFSZ 77,F
007C:  GOTO   07B
007D:  MOVF   1C,W
007E:  BCF    03.5
007F:  BCF    0D.6
....................    setup_vref(FALSE); 
0080:  BSF    03.5
0081:  CLRF   1D
....................  
....................    // TODO: USER CODE!! 
....................    while(true) 
....................    { 
....................     if(input(pin_b0)==0) 
0082:  BSF    06.0
0083:  BCF    03.5
0084:  BTFSC  06.0
0085:  GOTO   08B
....................     { 
....................       output_high(PIN_A0); 
0086:  BSF    03.5
0087:  BCF    05.0
0088:  BCF    03.5
0089:  BSF    05.0
....................      } 
....................      else 
008A:  GOTO   08F
....................      { 
....................         output_low(PIN_A0); 
008B:  BSF    03.5
008C:  BCF    05.0
008D:  BCF    03.5
008E:  BCF    05.0
....................       } 
....................    } 
008F:  BSF    03.5
0090:  GOTO   082
....................  
.................... } 
0091:  SLEEP

Configuration Fuses:
   Word  1: 3F32   HS NOWDT PUT NODEBUG NOPROTECT NOBROWNOUT NOLVP NOCPD NOWRT
