
ROM used: 146 (2%)
          146 (2%) including unused fragments

          0 Average locations per line
          9 Average locations per statement

RAM used: 7 (2%) at main() level
          7 (2%) worst case

Stack used: 0 worst case (out of 8 total available)

Lines Stmts  %   Files
----- ----- ---  -----
   33    17 100  pull_up.c
   17     0   0  pull_up.h
  326     0   0  ..\..\..\..\..\Program Files (x86)\PICC\devices\16F877A.h
----- -----
  376    17 Total

Page ROM  %  RAM   Vol Diff  Functions:
---- --- --- ---   --- ----  ----------
0    142  97   1   377  4.2  main

Program metrics:
    Functions               1
    Statements              17
    Comments                76
    Volume (V)              377
    Difficilty (D)          4.2
    Effort to implement (E) 1596
    Time to implement (T)   1 minutes
    Est Delivered Bugs (B)  0
    Cyclomatic Complexity   1
    Maintainability (MI)    134

 Segment     Used  Free
-----------  ----  ----
00000-00003     4  0  
00004-007FF   142  1902  
00800-00FFF     0  2048  
01000-017FF     0  2048  
01800-01FFF     0  2048  



